timestamp,elapsed_sec,rounds,diff_feedback_packets,server_alive
2026-02-22 16:40:38,3,0,0,1
2026-02-22 16:40:48,13,0,0,1
2026-02-22 16:40:58,23,0,0,1
2026-02-22 16:41:08,33,0,0,1
2026-02-22 16:41:18,43,0,0,1
2026-02-22 16:41:28,53,0,0,1
2026-02-22 16:41:38,63,0,0,1
2026-02-22 16:41:48,73,0,0,1
2026-02-22 16:41:58,83,0,0,1
2026-02-22 16:42:08,93,0,0,1
2026-02-22 16:42:18,103,0,0,1
2026-02-22 16:42:28,113,0,0,1
2026-02-22 16:42:38,123,0,0,1
2026-02-22 16:42:48,133,0,0,1
2026-02-22 16:43:00,144,0,0,1
2026-02-22 16:43:10,155,0,0,1
2026-02-22 16:43:20,165,0,0,1
2026-02-22 16:43:31,175,0,0,1
2026-02-22 16:43:41,186,0,0,1
2026-02-22 16:43:52,197,0,0,1
2026-02-22 16:44:02,207,0,0,1
2026-02-22 16:44:13,218,0,0,1
2026-02-22 16:44:23,228,0,0,1
2026-02-22 16:44:33,238,0,0,1
2026-02-22 16:44:44,249,0,0,1
2026-02-22 16:44:55,259,0,0,1
2026-02-22 16:45:06,271,0,0,1
2026-02-22 16:45:17,282,0,0,1
2026-02-22 16:45:27,292,0,0,1
2026-02-22 16:45:37,302,0,0,1
2026-02-22 16:45:47,312,0,0,1
2026-02-22 16:45:58,323,0,0,1
2026-02-22 16:46:08,333,0,0,1
2026-02-22 16:46:18,343,0,0,1
2026-02-22 16:46:28,353,0,0,1
2026-02-22 16:46:38,363,0,0,1
2026-02-22 16:46:49,374,0,0,1
2026-02-22 16:46:59,384,0,0,1
2026-02-22 16:47:10,394,0,0,1
2026-02-22 16:47:20,405,0,0,1
2026-02-22 16:47:32,415,0,0,1
2026-02-22 16:47:42,427,1,1,1
2026-02-22 16:47:52,437,1,1,1
2026-02-22 16:48:02,447,1,1,1
2026-02-22 16:48:12,457,1,1,1
2026-02-22 16:48:22,467,1,1,1
2026-02-22 16:48:32,477,1,1,1
2026-02-22 16:48:42,487,1,1,1
2026-02-22 16:48:52,497,1,1,1
2026-02-22 16:49:02,507,1,1,1
2026-02-22 16:49:12,517,1,1,1
2026-02-22 16:49:23,528,1,1,1
2026-02-22 16:49:33,538,1,1,1
2026-02-22 16:49:44,549,1,1,1
2026-02-22 16:49:55,560,1,1,1
2026-02-22 16:50:06,571,1,1,1
2026-02-22 16:50:16,581,1,1,1
2026-02-22 16:50:26,591,1,1,1
2026-02-22 16:50:36,601,1,1,1
2026-02-22 16:50:46,611,1,1,1
2026-02-22 16:50:57,621,1,1,1
2026-02-22 16:51:07,632,1,1,1
2026-02-22 16:51:17,642,1,1,1
2026-02-22 16:51:27,652,1,1,1
2026-02-22 16:51:37,662,1,1,1
2026-02-22 16:51:47,672,1,1,1
2026-02-22 16:51:57,682,1,1,1
2026-02-22 16:52:08,693,1,1,1
2026-02-22 16:52:18,703,1,1,1
2026-02-22 16:52:28,713,1,1,1
2026-02-22 16:52:40,724,1,1,1
2026-02-22 16:52:51,736,1,1,1
2026-02-22 16:53:01,746,1,1,1
2026-02-22 16:53:11,756,1,1,1
2026-02-22 16:53:21,766,1,1,1
2026-02-22 16:53:33,777,1,1,1
2026-02-22 16:53:43,788,1,1,1
2026-02-22 16:53:53,798,2,2,1
