[34m2026-02-22 16:40:35,932 [main] INFO  Main.java:main:86: start server
[m[34m2026-02-22 16:40:35,998 [Thread-0] INFO  FuzzingServerSocket.java:run:26: fuzzing server start at localhost/127.0.0.1:7399
[m[34m2026-02-22 16:40:38,847 [Thread-1] INFO  FuzzingServerHandler.java:run:66: live client number: 1
[m[32m2026-02-22 16:40:38,860 [Thread-1] DEBUG Packet.java:read:123: received packet length : 97
[m[34m2026-02-22 16:40:38,861 [Thread-1] INFO  FuzzingServer.java:getOneTest:575: execute example test plan
[m[32m2026-02-22 16:40:38,921 [Thread-1] DEBUG FuzzingServer.java:generateExampleTestPlan:998: example test plan size = 8
[m[32m2026-02-22 16:47:40,144 [Thread-1] DEBUG Packet.java:read:123: received packet length : 514683
[m[34m2026-02-22 16:47:40,389 [Thread-1] INFO  FuzzingServer.java:updateStatus:1452: TestPlanDiffFeedbackPacket received
[m[34m2026-02-22 16:47:40,427 [Thread-1] INFO  FuzzingServer.java:updateStatus:1593: Added test plan to corpus (newOriBC=true, newUpgradeBC=false, lowSimilarity=false)
[m-------------------------------------------------- TestStatus ---------------------------------------------------------------
System: cassandra
Upgrade Testing: apache-cassandra-4.1.10=>apache-cassandra-5.0.6
=============================================================================================================================
|                cur testID : 1|                total exec : 1|           skipped upgrade : 0|                              |
|               run time : 425s|                     round : 0|          ori BC : 28325/85710|           up BC upgrade : 0/0|
|                QueueType : BC|                queue size : 0|                     index : 0|                              |
|       Jaccard threshold : 0.3|            testPlanCorpus : 1|
-----------------------------------------------------------------------------------------------------------------------------
|            fullstop crash : 0|               event crash : 1|             inconsistency : 0|                 error log : 0|
-----------------------------------------------------------------------------------------------------------------------------


[34m2026-02-22 16:47:40,514 [Thread-1] INFO  FuzzingServer.java:getOneTest:575: execute example test plan
[m[32m2026-02-22 16:47:40,585 [Thread-1] DEBUG FuzzingServer.java:generateExampleTestPlan:998: example test plan size = 8
[m[32m2026-02-22 16:53:48,655 [Thread-1] DEBUG Packet.java:read:123: received packet length : 511812
[m[34m2026-02-22 16:53:48,791 [Thread-1] INFO  FuzzingServer.java:updateStatus:1452: TestPlanDiffFeedbackPacket received
[m[34m2026-02-22 16:53:48,813 [Thread-1] INFO  FuzzingServer.java:updateStatus:1593: Added test plan to corpus (newOriBC=true, newUpgradeBC=false, lowSimilarity=false)
[m-------------------------------------------------- TestStatus ---------------------------------------------------------------
System: cassandra
Upgrade Testing: apache-cassandra-4.1.10=>apache-cassandra-5.0.6
=============================================================================================================================
|                cur testID : 2|                total exec : 2|           skipped upgrade : 0|                              |
|               run time : 793s|                     round : 0|          ori BC : 28547/85710|           up BC upgrade : 0/0|
|                QueueType : BC|                queue size : 0|                     index : 0|                              |
|       Jaccard threshold : 0.3|            testPlanCorpus : 2|
-----------------------------------------------------------------------------------------------------------------------------
|            fullstop crash : 0|               event crash : 2|             inconsistency : 0|                 error log : 0|
-----------------------------------------------------------------------------------------------------------------------------


[34m2026-02-22 16:53:48,845 [Thread-1] INFO  FuzzingServer.java:getOneTest:575: execute example test plan
[m[32m2026-02-22 16:53:48,972 [Thread-1] DEBUG FuzzingServer.java:generateExampleTestPlan:998: example test plan size = 8
[m