timestamp,elapsed_sec,rounds,diff_feedback_packets,server_alive
2026-02-22 16:24:48,3,0,0,1
2026-02-22 16:24:58,13,0,0,1
2026-02-22 16:25:08,23,0,0,1
2026-02-22 16:25:18,33,0,0,1
2026-02-22 16:25:28,43,0,0,1
2026-02-22 16:25:38,53,0,0,1
2026-02-22 16:25:48,63,0,0,1
2026-02-22 16:25:58,73,0,0,1
2026-02-22 16:26:08,83,0,0,1
2026-02-22 16:26:19,93,0,0,1
2026-02-22 16:26:29,104,0,0,1
2026-02-22 16:26:39,114,0,0,1
2026-02-22 16:26:50,124,0,0,1
2026-02-22 16:27:00,135,0,0,1
2026-02-22 16:27:10,145,0,0,1
2026-02-22 16:27:20,155,0,0,1
2026-02-22 16:27:30,165,0,0,1
2026-02-22 16:27:42,176,0,0,1
2026-02-22 16:27:53,188,0,0,1
2026-02-22 16:28:03,198,0,0,1
2026-02-22 16:28:14,209,0,0,1
2026-02-22 16:28:25,220,0,0,1
2026-02-22 16:28:36,230,0,0,1
2026-02-22 16:28:46,241,0,0,1
2026-02-22 16:28:56,251,0,0,1
2026-02-22 16:29:06,261,0,0,1
2026-02-22 16:29:17,271,0,0,1
2026-02-22 16:29:27,282,0,0,1
2026-02-22 16:29:38,292,0,0,1
2026-02-22 16:29:48,303,0,0,1
2026-02-22 16:29:59,313,0,0,1
2026-02-22 16:30:09,324,0,0,1
2026-02-22 16:30:19,334,0,0,1
2026-02-22 16:30:29,344,0,0,1
2026-02-22 16:30:39,354,0,0,1
2026-02-22 16:30:49,364,0,0,1
