timestamp,elapsed_sec,rounds,diff_feedback_packets,server_alive
2026-02-22 16:12:41,3,0,0,1
2026-02-22 16:12:51,13,0,0,1
2026-02-22 16:13:01,23,0,0,1
2026-02-22 16:13:11,33,0,0,1
2026-02-22 16:13:22,43,0,0,1
2026-02-22 16:13:32,54,0,0,1
2026-02-22 16:13:42,64,0,0,1
2026-02-22 16:13:54,74,0,0,1
2026-02-22 16:14:04,86,0,0,1
2026-02-22 16:14:14,96,0,0,1
2026-02-22 16:14:24,106,0,0,1
2026-02-22 16:14:34,116,0,0,1
2026-02-22 16:14:44,126,0,0,1
2026-02-22 16:14:54,136,0,0,1
2026-02-22 16:15:05,146,0,0,1
2026-02-22 16:15:15,157,0,0,1
2026-02-22 16:15:25,167,0,0,1
2026-02-22 16:15:35,177,0,0,1
2026-02-22 16:15:45,187,0,0,1
2026-02-22 16:15:56,198,0,0,1
2026-02-22 16:16:06,208,0,0,1
2026-02-22 16:16:16,218,0,0,1
2026-02-22 16:16:26,228,0,0,1
2026-02-22 16:16:36,238,0,0,1
2026-02-22 16:16:46,248,0,0,1
2026-02-22 16:16:56,258,0,0,1
2026-02-22 16:17:07,268,0,0,1
2026-02-22 16:17:17,279,0,0,1
2026-02-22 16:17:27,289,0,0,1
2026-02-22 16:17:37,299,0,0,1
2026-02-22 16:17:47,309,0,0,1
2026-02-22 16:17:57,319,0,0,1
2026-02-22 16:18:07,329,0,0,1
2026-02-22 16:18:17,339,0,0,1
2026-02-22 16:18:27,349,0,0,1
2026-02-22 16:18:37,359,0,0,1
2026-02-22 16:18:47,369,0,0,1
2026-02-22 16:18:57,379,0,0,1
2026-02-22 16:19:07,389,0,0,1
2026-02-22 16:19:17,399,0,0,1
2026-02-22 16:19:27,409,0,0,1
2026-02-22 16:19:37,419,0,0,1
2026-02-22 16:19:47,429,0,0,1
2026-02-22 16:19:57,439,0,0,1
2026-02-22 16:20:07,449,0,0,1
2026-02-22 16:20:19,461,0,0,1
2026-02-22 16:20:30,472,0,0,1
2026-02-22 16:20:41,483,0,0,1
2026-02-22 16:20:52,493,0,0,1
2026-02-22 16:21:02,504,0,0,1
2026-02-22 16:21:12,514,0,0,1
