mesg: ttyname failed: Inappropriate ioctl for device
mesg: ttyname failed: Inappropriate ioctl for device
2026-03-03T01:24:38.367Z [main] WARN FilenoUtil : Native subprocess control requires open access to the JDK IO subsystem
Pass '--add-opens java.base/sun.nio.ch=ALL-UNNAMED --add-opens java.base/java.io=ALL-UNNAMED' to enable.
hbase:001:0> truncate_preserve "uuid5b0d2dc1a8384316a687a9e9f1a037d4"
Truncating 'uuid5b0d2dc1a8384316a687a9e9f1a037d4' table (it may take a while):
2026-03-03T01:24:51,449 ERROR [RPCClient-NioEventLoopGroup-1-1 {}] util.FutureUtils: Unexpected error caught when processing CompletableFuture
java.lang.NullPointerException: Cannot invoke "java.util.Optional.isPresent()" because "tableState" is null
	at org.apache.hadoop.hbase.client.RawAsyncHBaseAdmin.lambda$isTableEnabled$39(RawAsyncHBaseAdmin.java:781) ~[hbase-client-3.0.0-beta-1.jar:3.0.0-beta-1]
	at org.apache.hadoop.hbase.util.FutureUtils.lambda$addListener$0(FutureUtils.java:71) ~[hbase-common-3.0.0-beta-1.jar:3.0.0-beta-1]
	at java.util.concurrent.CompletableFuture.uniWhenComplete(CompletableFuture.java:863) ~[?:?]
	at java.util.concurrent.CompletableFuture$UniWhenComplete.tryFire(CompletableFuture.java:841) ~[?:?]
	at java.util.concurrent.CompletableFuture.postComplete(CompletableFuture.java:510) ~[?:?]
	at java.util.concurrent.CompletableFuture.completeExceptionally(CompletableFuture.java:2162) ~[?:?]
	at org.apache.hadoop.hbase.ClientMetaTableAccessor.lambda$getTableState$0(ClientMetaTableAccessor.java:92) ~[hbase-client-3.0.0-beta-1.jar:3.0.0-beta-1]
	at org.apache.hadoop.hbase.util.FutureUtils.lambda$addListener$0(FutureUtils.java:71) ~[hbase-common-3.0.0-beta-1.jar:3.0.0-beta-1]
	at java.util.concurrent.CompletableFuture.uniWhenComplete(CompletableFuture.java:863) ~[?:?]
	at java.util.concurrent.CompletableFuture$UniWhenComplete.tryFire(CompletableFuture.java:841) ~[?:?]
	at java.util.concurrent.CompletableFuture.postComplete(CompletableFuture.java:510) ~[?:?]
	at java.util.concurrent.CompletableFuture.completeExceptionally(CompletableFuture.java:2162) ~[?:?]
	at org.apache.hadoop.hbase.client.AsyncRpcRetryingCaller.completeExceptionally(AsyncRpcRetryingCaller.java:109) ~[hbase-client-3.0.0-beta-1.jar:3.0.0-beta-1]
	at org.apache.hadoop.hbase.client.AsyncRpcRetryingCaller.onError(AsyncRpcRetryingCaller.java:187) ~[hbase-client-3.0.0-beta-1.jar:3.0.0-beta-1]
	at org.apache.hadoop.hbase.client.AsyncSingleRequestRpcRetryingCaller.lambda$doCall$7(AsyncSingleRequestRpcRetryingCaller.java:112) ~[hbase-client-3.0.0-beta-1.jar:3.0.0-beta-1]
	at org.apache.hadoop.hbase.util.FutureUtils.lambda$addListener$0(FutureUtils.java:71) ~[hbase-common-3.0.0-beta-1.jar:3.0.0-beta-1]
	at java.util.concurrent.CompletableFuture.uniWhenComplete(CompletableFuture.java:863) ~[?:?]
	at java.util.concurrent.CompletableFuture$UniWhenComplete.tryFire(CompletableFuture.java:841) ~[?:?]
	at java.util.concurrent.CompletableFuture.postComplete(CompletableFuture.java:510) ~[?:?]
	at java.util.concurrent.CompletableFuture.completeExceptionally(CompletableFuture.java:2162) ~[?:?]
	at org.apache.hadoop.hbase.client.AsyncRegionLocator.lambda$getRegionLocation$5(AsyncRegionLocator.java:167) ~[hbase-client-3.0.0-beta-1.jar:3.0.0-beta-1]
	at org.apache.hadoop.hbase.util.FutureUtils.lambda$addListener$0(FutureUtils.java:71) ~[hbase-common-3.0.0-beta-1.jar:3.0.0-beta-1]
	at java.util.concurrent.CompletableFuture.uniWhenComplete(CompletableFuture.java:863) ~[?:?]
	at java.util.concurrent.CompletableFuture$UniWhenComplete.tryFire(CompletableFuture.java:841) ~[?:?]
	at java.util.concurrent.CompletableFuture.postComplete(CompletableFuture.java:510) ~[?:?]
	at java.util.concurrent.CompletableFuture.completeExceptionally(CompletableFuture.java:2162) ~[?:?]
	at org.apache.hadoop.hbase.client.ConnectionUtils.lambda$getOrFetch$4(ConnectionUtils.java:550) ~[hbase-client-3.0.0-beta-1.jar:3.0.0-beta-1]
	at org.apache.hadoop.hbase.util.FutureUtils.lambda$addListener$0(FutureUtils.java:71) ~[hbase-common-3.0.0-beta-1.jar:3.0.0-beta-1]
	at java.util.concurrent.CompletableFuture.uniWhenComplete(CompletableFuture.java:863) ~[?:?]
	at java.util.concurrent.CompletableFuture$UniWhenComplete.tryFire(CompletableFuture.java:841) ~[?:?]
	at java.util.concurrent.CompletableFuture.postComplete(CompletableFuture.java:510) ~[?:?]
	at java.util.concurrent.CompletableFuture.completeExceptionally(CompletableFuture.java:2162) ~[?:?]
	at org.apache.hadoop.hbase.client.AbstractRpcBasedConnectionRegistry.lambda$groupCall$1(AbstractRpcBasedConnectionRegistry.java:198) ~[hbase-client-3.0.0-beta-1.jar:3.0.0-beta-1]
	at org.apache.hadoop.hbase.util.FutureUtils.lambda$addListener$0(FutureUtils.java:71) ~[hbase-common-3.0.0-beta-1.jar:3.0.0-beta-1]
	at java.util.concurrent.CompletableFuture.uniWhenComplete(CompletableFuture.java:863) ~[?:?]
	at java.util.concurrent.CompletableFuture$UniWhenComplete.tryFire(CompletableFuture.java:841) ~[?:?]
	at java.util.concurrent.CompletableFuture.postComplete(CompletableFuture.java:510) ~[?:?]
	at java.util.concurrent.CompletableFuture.complete(CompletableFuture.java:2147) ~[?:?]
	at org.apache.hadoop.hbase.client.AbstractRpcBasedConnectionRegistry.lambda$call$0(AbstractRpcBasedConnectionRegistry.java:160) ~[hbase-client-3.0.0-beta-1.jar:3.0.0-beta-1]
	at org.apache.hbase.thirdparty.com.google.protobuf.RpcUtil$1.run(RpcUtil.java:79) ~[hbase-shaded-protobuf-4.1.5.jar:4.1.5]
	at org.apache.hbase.thirdparty.com.google.protobuf.RpcUtil$1.run(RpcUtil.java:70) ~[hbase-shaded-protobuf-4.1.5.jar:4.1.5]
	at org.apache.hadoop.hbase.ipc.AbstractRpcClient.onCallFinished(AbstractRpcClient.java:399) ~[hbase-client-3.0.0-beta-1.jar:3.0.0-beta-1]
	at org.apache.hadoop.hbase.ipc.AbstractRpcClient.access$100(AbstractRpcClient.java:93) ~[hbase-client-3.0.0-beta-1.jar:3.0.0-beta-1]
	at org.apache.hadoop.hbase.ipc.AbstractRpcClient$3.run(AbstractRpcClient.java:429) ~[hbase-client-3.0.0-beta-1.jar:3.0.0-beta-1]
	at org.apache.hadoop.hbase.ipc.AbstractRpcClient$3.run(AbstractRpcClient.java:424) ~[hbase-client-3.0.0-beta-1.jar:3.0.0-beta-1]
	at org.apache.hadoop.hbase.ipc.Call.callComplete(Call.java:117) ~[hbase-client-3.0.0-beta-1.jar:3.0.0-beta-1]
	at org.apache.hadoop.hbase.ipc.Call.setResponse(Call.java:149) ~[hbase-client-3.0.0-beta-1.jar:3.0.0-beta-1]
	at org.apache.hadoop.hbase.ipc.NettyRpcDuplexHandler.finishCall(NettyRpcDuplexHandler.java:158) ~[hbase-client-3.0.0-beta-1.jar:3.0.0-beta-1]
	at org.apache.hadoop.hbase.ipc.NettyRpcDuplexHandler.readResponse(NettyRpcDuplexHandler.java:203) ~[hbase-client-3.0.0-beta-1.jar:3.0.0-beta-1]
	at org.apache.hadoop.hbase.ipc.NettyRpcDuplexHandler.channelRead(NettyRpcDuplexHandler.java:220) ~[hbase-client-3.0.0-beta-1.jar:3.0.0-beta-1]
	at org.apache.hbase.thirdparty.io.netty.channel.AbstractChannelHandlerContext.invokeChannelRead(AbstractChannelHandlerContext.java:442) ~[hbase-shaded-netty-4.1.5.jar:?]
	at org.apache.hbase.thirdparty.io.netty.channel.AbstractChannelHandlerContext.invokeChannelRead(AbstractChannelHandlerContext.java:420) ~[hbase-shaded-netty-4.1.5.jar:?]
	at org.apache.hbase.thirdparty.io.netty.channel.AbstractChannelHandlerContext.fireChannelRead(AbstractChannelHandlerContext.java:412) ~[hbase-shaded-netty-4.1.5.jar:?]
	at org.apache.hbase.thirdparty.io.netty.handler.codec.ByteToMessageDecoder.fireChannelRead(ByteToMessageDecoder.java:346) ~[hbase-shaded-netty-4.1.5.jar:?]
	at org.apache.hbase.thirdparty.io.netty.handler.codec.ByteToMessageDecoder.channelRead(ByteToMessageDecoder.java:318) ~[hbase-shaded-netty-4.1.5.jar:?]
	at org.apache.hbase.thirdparty.io.netty.channel.AbstractChannelHandlerContext.invokeChannelRead(AbstractChannelHandlerContext.java:444) ~[hbase-shaded-netty-4.1.5.jar:?]
	at org.apache.hbase.thirdparty.io.netty.channel.AbstractChannelHandlerContext.invokeChannelRead(AbstractChannelHandlerContext.java:420) ~[hbase-shaded-netty-4.1.5.jar:?]
	at org.apache.hbase.thirdparty.io.netty.channel.AbstractChannelHandlerContext.fireChannelRead(AbstractChannelHandlerContext.java:412) ~[hbase-shaded-netty-4.1.5.jar:?]
	at org.apache.hbase.thirdparty.io.netty.handler.timeout.IdleStateHandler.channelRead(IdleStateHandler.java:286) ~[hbase-shaded-netty-4.1.5.jar:?]
	at org.apache.hbase.thirdparty.io.netty.channel.AbstractChannelHandlerContext.invokeChannelRead(AbstractChannelHandlerContext.java:442) ~[hbase-shaded-netty-4.1.5.jar:?]
	at org.apache.hbase.thirdparty.io.netty.channel.AbstractChannelHandlerContext.invokeChannelRead(AbstractChannelHandlerContext.java:420) ~[hbase-shaded-netty-4.1.5.jar:?]
	at org.apache.hbase.thirdparty.io.netty.channel.AbstractChannelHandlerContext.fireChannelRead(AbstractChannelHandlerContext.java:412) ~[hbase-shaded-netty-4.1.5.jar:?]
	at org.apache.hbase.thirdparty.io.netty.channel.DefaultChannelPipeline$HeadContext.channelRead(DefaultChannelPipeline.java:1410) ~[hbase-shaded-netty-4.1.5.jar:?]
	at org.apache.hbase.thirdparty.io.netty.channel.AbstractChannelHandlerContext.invokeChannelRead(AbstractChannelHandlerContext.java:440) ~[hbase-shaded-netty-4.1.5.jar:?]
	at org.apache.hbase.thirdparty.io.netty.channel.AbstractChannelHandlerContext.invokeChannelRead(AbstractChannelHandlerContext.java:420) ~[hbase-shaded-netty-4.1.5.jar:?]
	at org.apache.hbase.thirdparty.io.netty.channel.DefaultChannelPipeline.fireChannelRead(DefaultChannelPipeline.java:919) ~[hbase-shaded-netty-4.1.5.jar:?]
	at org.apache.hbase.thirdparty.io.netty.channel.nio.AbstractNioByteChannel$NioByteUnsafe.read(AbstractNioByteChannel.java:166) ~[hbase-shaded-netty-4.1.5.jar:?]
	at org.apache.hbase.thirdparty.io.netty.channel.nio.NioEventLoop.processSelectedKey(NioEventLoop.java:788) ~[hbase-shaded-netty-4.1.5.jar:?]
	at org.apache.hbase.thirdparty.io.netty.channel.nio.NioEventLoop.processSelectedKeysOptimized(NioEventLoop.java:724) ~[hbase-shaded-netty-4.1.5.jar:?]
	at org.apache.hbase.thirdparty.io.netty.channel.nio.NioEventLoop.processSelectedKeys(NioEventLoop.java:650) ~[hbase-shaded-netty-4.1.5.jar:?]
	at org.apache.hbase.thirdparty.io.netty.channel.nio.NioEventLoop.run(NioEventLoop.java:562) ~[hbase-shaded-netty-4.1.5.jar:?]
	at org.apache.hbase.thirdparty.io.netty.util.concurrent.SingleThreadEventExecutor$4.run(SingleThreadEventExecutor.java:997) ~[hbase-shaded-netty-4.1.5.jar:?]
	at org.apache.hbase.thirdparty.io.netty.util.internal.ThreadExecutorMap$2.run(ThreadExecutorMap.java:74) ~[hbase-shaded-netty-4.1.5.jar:?]
	at org.apache.hbase.thirdparty.io.netty.util.concurrent.FastThreadLocalRunnable.run(FastThreadLocalRunnable.java:30) ~[hbase-shaded-netty-4.1.5.jar:?]
	at java.lang.Thread.run(Thread.java:833) ~[?:?]
