using /home/shuai/xlab/rupfuzz/upfuzz-shuai/scripts/runner/results/cassandra_4_1_10_to_5_0_6_demo_node1_retry150_two_rounds/config.json
CLIENT_NUM: 1
[34m2026-02-22 16:35:47,546 [main] INFO  Main.java:main:86: start client
[m[32m2026-02-22 16:35:47,640 [Thread-1] DEBUG TestPlanPacket.java:read:117: packet length: 1535
[m[34m2026-02-22 16:35:47,648 [Thread-1] INFO  FuzzingClient.java:executeTestPlanPacketDifferential:1337: [Fuzzing Client] executeTestPlanPacketDifferential
[m[34m2026-02-22 16:35:47,649 [Thread-1] INFO  FuzzingClient.java:executeTestPlanPacketDifferential:1345: [HKLOG] configPath = configtests/apache-cassandra-4.1.10_apache-cassandra-5.0.6/test5
[m[32m2026-02-22 16:35:47,677 [pool-3-thread-1] DEBUG AgentServerSocket.java:<init>:25: Executor: CxjAFXyL  Client socket Server start at: /0.0.0.0:39587
[m[32m2026-02-22 16:35:47,677 [pool-3-thread-3] DEBUG AgentServerSocket.java:<init>:25: Executor: diwN8ZA0  Client socket Server start at: /0.0.0.0:42799
[m[32m2026-02-22 16:35:47,677 [pool-3-thread-2] DEBUG AgentServerSocket.java:<init>:25: Executor: qAmwKprz  Client socket Server start at: /0.0.0.0:41753
[m[34m2026-02-22 16:35:47,689 [pool-3-thread-3] INFO  CassandraDockerCluster.java:build:60: apache-cassandra-4.1.10 -> apache-cassandra-5.0.6
[m[34m2026-02-22 16:35:47,689 [pool-3-thread-1] INFO  CassandraDockerCluster.java:build:60: apache-cassandra-4.1.10 -> apache-cassandra-5.0.6
[m[34m2026-02-22 16:35:47,689 [pool-3-thread-2] INFO  CassandraDockerCluster.java:build:60: apache-cassandra-4.1.10 -> apache-cassandra-5.0.6
[m[34m2026-02-22 16:35:47,701 [pool-3-thread-2] INFO  CassandraExecutor.java:startup:90: Cassandra Start...
[m[34m2026-02-22 16:35:47,701 [pool-3-thread-1] INFO  CassandraExecutor.java:startup:90: Cassandra Start...
[m[34m2026-02-22 16:35:47,702 [pool-3-thread-3] INFO  CassandraExecutor.java:startup:90: Cassandra Start...
[m[34m2026-02-22 16:35:48,362 [pool-3-thread-1] INFO  CassandraCqlshDaemon.java:<init>:56: [HKLOG] executor ID = CxjAFXyL  Connect to cqlsh:192.168.73.2...
[m[32m2026-02-22 16:35:48,365 [pool-3-thread-1] DEBUG CassandraCqlshDaemon.java:<init>:63: [HKLOG] executor ID = CxjAFXyL  Connect to cqlsh:192.168.73.2...0
[m[34m2026-02-22 16:35:48,386 [pool-3-thread-3] INFO  CassandraCqlshDaemon.java:<init>:56: [HKLOG] executor ID = diwN8ZA0  Connect to cqlsh:192.168.217.2...
[m[32m2026-02-22 16:35:48,386 [pool-3-thread-3] DEBUG CassandraCqlshDaemon.java:<init>:63: [HKLOG] executor ID = diwN8ZA0  Connect to cqlsh:192.168.217.2...0
[m[34m2026-02-22 16:35:48,390 [pool-3-thread-2] INFO  CassandraCqlshDaemon.java:<init>:56: [HKLOG] executor ID = qAmwKprz  Connect to cqlsh:192.168.247.2...
[m[32m2026-02-22 16:35:48,391 [pool-3-thread-2] DEBUG CassandraCqlshDaemon.java:<init>:63: [HKLOG] executor ID = qAmwKprz  Connect to cqlsh:192.168.247.2...0
[m[32m2026-02-22 16:35:50,304 [Thread-8] DEBUG AgentServerHandler.java:register:141: Agent/192.168.247.2:58110 cassandra-qAmwKprz_original-0-org.apache.cassandra.service.CassandraDaemon registered
[m[32m2026-02-22 16:35:50,333 [Thread-9] DEBUG AgentServerHandler.java:register:141: Agent/192.168.73.2:35208 cassandra-CxjAFXyL_original-0-org.apache.cassandra.service.CassandraDaemon registered
[m[32m2026-02-22 16:35:50,792 [Thread-10] DEBUG AgentServerHandler.java:register:141: Agent/192.168.217.2:53180 cassandra-diwN8ZA0_upgraded-0-org.apache.cassandra.service.CassandraDaemon registered
[m[32m2026-02-22 16:35:58,369 [pool-3-thread-1] DEBUG CassandraCqlshDaemon.java:<init>:63: [HKLOG] executor ID = CxjAFXyL  Connect to cqlsh:192.168.73.2...10
[m[32m2026-02-22 16:35:58,389 [pool-3-thread-3] DEBUG CassandraCqlshDaemon.java:<init>:63: [HKLOG] executor ID = diwN8ZA0  Connect to cqlsh:192.168.217.2...10
[m[32m2026-02-22 16:35:58,392 [pool-3-thread-2] DEBUG CassandraCqlshDaemon.java:<init>:63: [HKLOG] executor ID = qAmwKprz  Connect to cqlsh:192.168.247.2...10
[m[32m2026-02-22 16:36:08,820 [pool-3-thread-1] DEBUG CassandraCqlshDaemon.java:<init>:63: [HKLOG] executor ID = CxjAFXyL  Connect to cqlsh:192.168.73.2...20
[m[32m2026-02-22 16:36:08,822 [pool-3-thread-3] DEBUG CassandraCqlshDaemon.java:<init>:63: [HKLOG] executor ID = diwN8ZA0  Connect to cqlsh:192.168.217.2...20
[m[32m2026-02-22 16:36:08,822 [pool-3-thread-2] DEBUG CassandraCqlshDaemon.java:<init>:63: [HKLOG] executor ID = qAmwKprz  Connect to cqlsh:192.168.247.2...20
[m[32m2026-02-22 16:36:19,702 [pool-3-thread-1] DEBUG CassandraCqlshDaemon.java:<init>:63: [HKLOG] executor ID = CxjAFXyL  Connect to cqlsh:192.168.73.2...30
[m[32m2026-02-22 16:36:19,706 [pool-3-thread-3] DEBUG CassandraCqlshDaemon.java:<init>:63: [HKLOG] executor ID = diwN8ZA0  Connect to cqlsh:192.168.217.2...30
[m[32m2026-02-22 16:36:19,708 [pool-3-thread-2] DEBUG CassandraCqlshDaemon.java:<init>:63: [HKLOG] executor ID = qAmwKprz  Connect to cqlsh:192.168.247.2...30
[m[32m2026-02-22 16:36:30,542 [pool-3-thread-3] DEBUG CassandraCqlshDaemon.java:<init>:63: [HKLOG] executor ID = diwN8ZA0  Connect to cqlsh:192.168.217.2...40
[m[32m2026-02-22 16:36:30,542 [pool-3-thread-1] DEBUG CassandraCqlshDaemon.java:<init>:63: [HKLOG] executor ID = CxjAFXyL  Connect to cqlsh:192.168.73.2...40
[m[32m2026-02-22 16:36:30,543 [pool-3-thread-2] DEBUG CassandraCqlshDaemon.java:<init>:63: [HKLOG] executor ID = qAmwKprz  Connect to cqlsh:192.168.247.2...40
[m[32m2026-02-22 16:36:41,369 [pool-3-thread-2] DEBUG CassandraCqlshDaemon.java:<init>:63: [HKLOG] executor ID = qAmwKprz  Connect to cqlsh:192.168.247.2...50
[m[32m2026-02-22 16:36:41,372 [pool-3-thread-3] DEBUG CassandraCqlshDaemon.java:<init>:63: [HKLOG] executor ID = diwN8ZA0  Connect to cqlsh:192.168.217.2...50
[m[32m2026-02-22 16:36:41,374 [pool-3-thread-1] DEBUG CassandraCqlshDaemon.java:<init>:63: [HKLOG] executor ID = CxjAFXyL  Connect to cqlsh:192.168.73.2...50
[m[32m2026-02-22 16:36:52,212 [pool-3-thread-1] DEBUG CassandraCqlshDaemon.java:<init>:63: [HKLOG] executor ID = CxjAFXyL  Connect to cqlsh:192.168.73.2...60
[m[32m2026-02-22 16:36:52,218 [pool-3-thread-3] DEBUG CassandraCqlshDaemon.java:<init>:63: [HKLOG] executor ID = diwN8ZA0  Connect to cqlsh:192.168.217.2...60
[m[32m2026-02-22 16:36:52,220 [pool-3-thread-2] DEBUG CassandraCqlshDaemon.java:<init>:63: [HKLOG] executor ID = qAmwKprz  Connect to cqlsh:192.168.247.2...60
[m[32m2026-02-22 16:37:03,093 [pool-3-thread-2] DEBUG CassandraCqlshDaemon.java:<init>:63: [HKLOG] executor ID = qAmwKprz  Connect to cqlsh:192.168.247.2...70
[m[34m2026-02-22 16:37:03,094 [pool-3-thread-2] INFO  CassandraCqlshDaemon.java:<init>:69: [HKLOG] executor ID = qAmwKprz  Cqlsh connected: 192.168.247.2
[m[34m2026-02-22 16:37:03,095 [pool-3-thread-2] INFO  RegularTestPlanThread.java:call:182: [HKLOG] error log checking
[m[32m2026-02-22 16:37:03,100 [pool-3-thread-1] DEBUG CassandraCqlshDaemon.java:<init>:63: [HKLOG] executor ID = CxjAFXyL  Connect to cqlsh:192.168.73.2...70
[m[34m2026-02-22 16:37:03,101 [pool-3-thread-1] INFO  CassandraCqlshDaemon.java:<init>:69: [HKLOG] executor ID = CxjAFXyL  Cqlsh connected: 192.168.73.2
[m[32m2026-02-22 16:37:03,101 [pool-3-thread-3] DEBUG CassandraCqlshDaemon.java:<init>:63: [HKLOG] executor ID = diwN8ZA0  Connect to cqlsh:192.168.217.2...70
[m[34m2026-02-22 16:37:03,101 [pool-3-thread-1] INFO  RegularTestPlanThread.java:call:182: [HKLOG] error log checking
[m[34m2026-02-22 16:37:03,101 [pool-3-thread-3] INFO  CassandraCqlshDaemon.java:<init>:69: [HKLOG] executor ID = diwN8ZA0  Cqlsh connected: 192.168.217.2
[m[34m2026-02-22 16:37:03,101 [pool-3-thread-3] INFO  RegularTestPlanThread.java:call:182: [HKLOG] error log checking
[m[34m2026-02-22 16:37:03,348 [pool-3-thread-2] INFO  Executor.java:execute:215: 
handle [Command] Execute {CONSISTENCY ALL;}

[m[34m2026-02-22 16:37:03,360 [pool-3-thread-2] INFO  Executor.java:execute:215: 
handle [Command] Execute {CREATE KEYSPACE distributed_test_keyspace WITH REPLICATION = { 'class' : 'SimpleStrategy', 'replication_factor' : 3 };}

[m[34m2026-02-22 16:37:03,362 [pool-3-thread-3] INFO  Executor.java:execute:215: 
handle [Command] Execute {CONSISTENCY ALL;}

[m[34m2026-02-22 16:37:03,372 [pool-3-thread-3] INFO  Executor.java:execute:215: 
handle [Command] Execute {CREATE KEYSPACE distributed_test_keyspace WITH REPLICATION = { 'class' : 'SimpleStrategy', 'replication_factor' : 3 };}

[m[34m2026-02-22 16:37:03,379 [pool-3-thread-1] INFO  Executor.java:execute:215: 
handle [Command] Execute {CONSISTENCY ALL;}

[m[34m2026-02-22 16:37:03,387 [pool-3-thread-1] INFO  Executor.java:execute:215: 
handle [Command] Execute {CREATE KEYSPACE distributed_test_keyspace WITH REPLICATION = { 'class' : 'SimpleStrategy', 'replication_factor' : 3 };}

[m[34m2026-02-22 16:37:03,644 [pool-3-thread-2] INFO  Executor.java:execute:215: 
handle [Command] Execute {CREATE TABLE distributed_test_keyspace.tbl (   k int,    c int,    s1 int static,    s2 set<int> static,    v1 int,    v2 set<int>,    PRIMARY KEY (k, c));}

[m[34m2026-02-22 16:37:03,658 [pool-3-thread-3] INFO  Executor.java:execute:215: 
handle [Command] Execute {CREATE TABLE distributed_test_keyspace.tbl (   k int,    c int,    s1 int static,    s2 set<int> static,    v1 int,    v2 set<int>,    PRIMARY KEY (k, c));}

[m[34m2026-02-22 16:37:03,672 [pool-3-thread-1] INFO  Executor.java:execute:215: 
handle [Command] Execute {CREATE TABLE distributed_test_keyspace.tbl (   k int,    c int,    s1 int static,    s2 set<int> static,    v1 int,    v2 set<int>,    PRIMARY KEY (k, c));}

[m[34m2026-02-22 16:37:03,990 [pool-3-thread-2] INFO  Executor.java:execute:215: 
handle [Command] Execute {INSERT INTO distributed_test_keyspace.tbl (k, c, s1, s2, v1, v2) VALUES (1, 1, 2, {1, 2, 3, 4, 5}, 3, {6, 7, 8, 9, 10});}

[m[34m2026-02-22 16:37:04,011 [pool-3-thread-2] INFO  Executor.java:execute:215: 
handle [Command] Execute {INSERT INTO distributed_test_keyspace.tbl (k, c, s1, s2, v1, v2) VALUES (1, 2, 3, {2, 3, 4, 5, 6}, 4, {7, 8, 9, 10, 11});}

[m[34m2026-02-22 16:37:04,022 [pool-3-thread-1] INFO  Executor.java:execute:215: 
handle [Command] Execute {INSERT INTO distributed_test_keyspace.tbl (k, c, s1, s2, v1, v2) VALUES (1, 1, 2, {1, 2, 3, 4, 5}, 3, {6, 7, 8, 9, 10});}

[m[34m2026-02-22 16:37:04,036 [pool-3-thread-3] INFO  Executor.java:execute:215: 
handle [Command] Execute {INSERT INTO distributed_test_keyspace.tbl (k, c, s1, s2, v1, v2) VALUES (1, 1, 2, {1, 2, 3, 4, 5}, 3, {6, 7, 8, 9, 10});}

[m[34m2026-02-22 16:37:04,046 [pool-3-thread-1] INFO  Executor.java:execute:215: 
handle [Command] Execute {INSERT INTO distributed_test_keyspace.tbl (k, c, s1, s2, v1, v2) VALUES (1, 2, 3, {2, 3, 4, 5, 6}, 4, {7, 8, 9, 10, 11});}

[m[34m2026-02-22 16:37:04,063 [pool-3-thread-3] INFO  Executor.java:execute:215: 
handle [Command] Execute {INSERT INTO distributed_test_keyspace.tbl (k, c, s1, s2, v1, v2) VALUES (1, 2, 3, {2, 3, 4, 5, 6}, 4, {7, 8, 9, 10, 11});}

[m[34m2026-02-22 16:37:04,256 [pool-3-thread-2] INFO  Executor.java:execute:215: 
handle [UpgradeOp] Upgrade Node[0]

[m[34m2026-02-22 16:37:04,292 [pool-3-thread-1] INFO  Executor.java:execute:215: 
handle [Fault] RestartFailure: Node[0]

[m[34m2026-02-22 16:37:04,302 [pool-3-thread-2] INFO  Executor.java:collectSingleNodeCoverage:444: [Executor] Invoked single node coverage collection
[m[34m2026-02-22 16:37:04,302 [pool-3-thread-2] INFO  Executor.java:collectSingleNodeCoverage:455: collect conn cassandra-qAmwKprz_original-0-org.apache.cassandra.service.CassandraDaemon
[m[32m2026-02-22 16:37:04,302 [pool-3-thread-2] DEBUG AgentServerHandler.java:collect:211: collect coverage for cassandra-qAmwKprz_original-0-org.apache.cassandra.service.CassandraDaemon...
[m[34m2026-02-22 16:37:04,312 [pool-3-thread-3] INFO  Executor.java:execute:215: 
handle [Fault] RestartFailure: Node[0]

[m[34m2026-02-22 16:37:04,471 [pool-3-thread-1] INFO  DockerCluster.java:collectTrace:334: [HKLOG] collecting network traces for node 0
[m[31m2026-02-22 16:37:04,471 [pool-3-thread-1] ERROR DockerCluster.java:collectTrace:338: Exception occur when collecting trace of docker  0, executorID = CxjAFXyL, exception = java.net.ConnectException: Connection refused
[m[31m2026-02-22 16:37:04,472 [pool-3-thread-1] ERROR DockerCluster.java:collectTrace:344: java.base/sun.nio.ch.Net.connect0(Native Method)
[m[31m2026-02-22 16:37:04,472 [pool-3-thread-1] ERROR DockerCluster.java:collectTrace:344: java.base/sun.nio.ch.Net.connect(Net.java:579)
[m[31m2026-02-22 16:37:04,472 [pool-3-thread-1] ERROR DockerCluster.java:collectTrace:344: java.base/sun.nio.ch.Net.connect(Net.java:568)
[m[31m2026-02-22 16:37:04,472 [pool-3-thread-1] ERROR DockerCluster.java:collectTrace:344: java.base/sun.nio.ch.NioSocketImpl.connect(NioSocketImpl.java:593)
[m[31m2026-02-22 16:37:04,472 [pool-3-thread-1] ERROR DockerCluster.java:collectTrace:344: java.base/java.net.SocksSocketImpl.connect(SocksSocketImpl.java:327)
[m[31m2026-02-22 16:37:04,473 [pool-3-thread-1] ERROR DockerCluster.java:collectTrace:344: java.base/java.net.Socket.connect(Socket.java:633)
[m[31m2026-02-22 16:37:04,473 [pool-3-thread-1] ERROR DockerCluster.java:collectTrace:344: java.base/java.net.Socket.connect(Socket.java:583)
[m[31m2026-02-22 16:37:04,473 [pool-3-thread-1] ERROR DockerCluster.java:collectTrace:344: java.base/java.net.Socket.<init>(Socket.java:507)
[m[31m2026-02-22 16:37:04,473 [pool-3-thread-1] ERROR DockerCluster.java:collectTrace:344: java.base/java.net.Socket.<init>(Socket.java:287)
[m[31m2026-02-22 16:37:04,473 [pool-3-thread-1] ERROR DockerCluster.java:collectTrace:344: org.zlab.upfuzz.docker.Docker.collectTrace(Docker.java:74)
[m[31m2026-02-22 16:37:04,473 [pool-3-thread-1] ERROR DockerCluster.java:collectTrace:344: org.zlab.upfuzz.docker.DockerCluster.collectTrace(DockerCluster.java:336)
[m[31m2026-02-22 16:37:04,473 [pool-3-thread-1] ERROR DockerCluster.java:collectTrace:344: org.zlab.upfuzz.fuzzingengine.executor.Executor.collectTrace(Executor.java:131)
[m[31m2026-02-22 16:37:04,474 [pool-3-thread-1] ERROR DockerCluster.java:collectTrace:344: org.zlab.upfuzz.fuzzingengine.executor.Executor.updateTrace(Executor.java:137)
[m[31m2026-02-22 16:37:04,474 [pool-3-thread-1] ERROR DockerCluster.java:collectTrace:344: org.zlab.upfuzz.fuzzingengine.executor.Executor.handleFault(Executor.java:566)
[m[31m2026-02-22 16:37:04,474 [pool-3-thread-1] ERROR DockerCluster.java:collectTrace:344: org.zlab.upfuzz.fuzzingengine.executor.Executor.execute(Executor.java:235)
[m[31m2026-02-22 16:37:04,474 [pool-3-thread-1] ERROR DockerCluster.java:collectTrace:344: org.zlab.upfuzz.fuzzingengine.RegularTestPlanThread.call(RegularTestPlanThread.java:197)
[m[31m2026-02-22 16:37:04,474 [pool-3-thread-1] ERROR DockerCluster.java:collectTrace:344: org.zlab.upfuzz.fuzzingengine.RegularTestPlanThread.call(RegularTestPlanThread.java:20)
[m[31m2026-02-22 16:37:04,474 [pool-3-thread-1] ERROR DockerCluster.java:collectTrace:344: java.base/java.util.concurrent.FutureTask.run(FutureTask.java:264)
[m[31m2026-02-22 16:37:04,474 [pool-3-thread-1] ERROR DockerCluster.java:collectTrace:344: java.base/java.util.concurrent.ThreadPoolExecutor.runWorker(ThreadPoolExecutor.java:1136)
[m[31m2026-02-22 16:37:04,475 [pool-3-thread-1] ERROR DockerCluster.java:collectTrace:344: java.base/java.util.concurrent.ThreadPoolExecutor$Worker.run(ThreadPoolExecutor.java:635)
[m[31m2026-02-22 16:37:04,475 [pool-3-thread-1] ERROR DockerCluster.java:collectTrace:344: java.base/java.lang.Thread.run(Thread.java:840)
[m[34m2026-02-22 16:37:04,491 [pool-3-thread-3] INFO  DockerCluster.java:collectTrace:334: [HKLOG] collecting network traces for node 0
[m[31m2026-02-22 16:37:04,491 [pool-3-thread-3] ERROR DockerCluster.java:collectTrace:338: Exception occur when collecting trace of docker  0, executorID = diwN8ZA0, exception = java.net.ConnectException: Connection refused
[m[31m2026-02-22 16:37:04,492 [pool-3-thread-3] ERROR DockerCluster.java:collectTrace:344: java.base/sun.nio.ch.Net.connect0(Native Method)
[m[31m2026-02-22 16:37:04,492 [pool-3-thread-3] ERROR DockerCluster.java:collectTrace:344: java.base/sun.nio.ch.Net.connect(Net.java:579)
[m[31m2026-02-22 16:37:04,492 [pool-3-thread-3] ERROR DockerCluster.java:collectTrace:344: java.base/sun.nio.ch.Net.connect(Net.java:568)
[m[31m2026-02-22 16:37:04,492 [pool-3-thread-3] ERROR DockerCluster.java:collectTrace:344: java.base/sun.nio.ch.NioSocketImpl.connect(NioSocketImpl.java:593)
[m[31m2026-02-22 16:37:04,492 [pool-3-thread-3] ERROR DockerCluster.java:collectTrace:344: java.base/java.net.SocksSocketImpl.connect(SocksSocketImpl.java:327)
[m[31m2026-02-22 16:37:04,492 [pool-3-thread-3] ERROR DockerCluster.java:collectTrace:344: java.base/java.net.Socket.connect(Socket.java:633)
[m[31m2026-02-22 16:37:04,492 [pool-3-thread-3] ERROR DockerCluster.java:collectTrace:344: java.base/java.net.Socket.connect(Socket.java:583)
[m[31m2026-02-22 16:37:04,492 [pool-3-thread-3] ERROR DockerCluster.java:collectTrace:344: java.base/java.net.Socket.<init>(Socket.java:507)
[m[31m2026-02-22 16:37:04,493 [pool-3-thread-3] ERROR DockerCluster.java:collectTrace:344: java.base/java.net.Socket.<init>(Socket.java:287)
[m[31m2026-02-22 16:37:04,493 [pool-3-thread-3] ERROR DockerCluster.java:collectTrace:344: org.zlab.upfuzz.docker.Docker.collectTrace(Docker.java:74)
[m[31m2026-02-22 16:37:04,493 [pool-3-thread-3] ERROR DockerCluster.java:collectTrace:344: org.zlab.upfuzz.docker.DockerCluster.collectTrace(DockerCluster.java:336)
[m[31m2026-02-22 16:37:04,493 [pool-3-thread-3] ERROR DockerCluster.java:collectTrace:344: org.zlab.upfuzz.fuzzingengine.executor.Executor.collectTrace(Executor.java:131)
[m[31m2026-02-22 16:37:04,493 [pool-3-thread-3] ERROR DockerCluster.java:collectTrace:344: org.zlab.upfuzz.fuzzingengine.executor.Executor.updateTrace(Executor.java:137)
[m[31m2026-02-22 16:37:04,493 [pool-3-thread-3] ERROR DockerCluster.java:collectTrace:344: org.zlab.upfuzz.fuzzingengine.executor.Executor.handleFault(Executor.java:566)
[m[31m2026-02-22 16:37:04,493 [pool-3-thread-3] ERROR DockerCluster.java:collectTrace:344: org.zlab.upfuzz.fuzzingengine.executor.Executor.execute(Executor.java:235)
[m[31m2026-02-22 16:37:04,494 [pool-3-thread-3] ERROR DockerCluster.java:collectTrace:344: org.zlab.upfuzz.fuzzingengine.RegularTestPlanThread.call(RegularTestPlanThread.java:197)
[m[31m2026-02-22 16:37:04,494 [pool-3-thread-3] ERROR DockerCluster.java:collectTrace:344: org.zlab.upfuzz.fuzzingengine.RegularTestPlanThread.call(RegularTestPlanThread.java:20)
[m[31m2026-02-22 16:37:04,494 [pool-3-thread-3] ERROR DockerCluster.java:collectTrace:344: java.base/java.util.concurrent.FutureTask.run(FutureTask.java:264)
[m[31m2026-02-22 16:37:04,494 [pool-3-thread-3] ERROR DockerCluster.java:collectTrace:344: java.base/java.util.concurrent.ThreadPoolExecutor.runWorker(ThreadPoolExecutor.java:1136)
[m[31m2026-02-22 16:37:04,494 [pool-3-thread-3] ERROR DockerCluster.java:collectTrace:344: java.base/java.util.concurrent.ThreadPoolExecutor$Worker.run(ThreadPoolExecutor.java:635)
[m[31m2026-02-22 16:37:04,494 [pool-3-thread-3] ERROR DockerCluster.java:collectTrace:344: java.base/java.lang.Thread.run(Thread.java:840)
[m[34m2026-02-22 16:37:04,575 [pool-3-thread-2] INFO  DockerCluster.java:collectTrace:334: [HKLOG] collecting network traces for node 0
[m[31m2026-02-22 16:37:04,576 [pool-3-thread-2] ERROR DockerCluster.java:collectTrace:338: Exception occur when collecting trace of docker  0, executorID = qAmwKprz, exception = java.net.ConnectException: Connection refused
[m[31m2026-02-22 16:37:04,576 [pool-3-thread-2] ERROR DockerCluster.java:collectTrace:344: java.base/sun.nio.ch.Net.connect0(Native Method)
[m[31m2026-02-22 16:37:04,576 [pool-3-thread-2] ERROR DockerCluster.java:collectTrace:344: java.base/sun.nio.ch.Net.connect(Net.java:579)
[m[31m2026-02-22 16:37:04,576 [pool-3-thread-2] ERROR DockerCluster.java:collectTrace:344: java.base/sun.nio.ch.Net.connect(Net.java:568)
[m[31m2026-02-22 16:37:04,577 [pool-3-thread-2] ERROR DockerCluster.java:collectTrace:344: java.base/sun.nio.ch.NioSocketImpl.connect(NioSocketImpl.java:593)
[m[31m2026-02-22 16:37:04,577 [pool-3-thread-2] ERROR DockerCluster.java:collectTrace:344: java.base/java.net.SocksSocketImpl.connect(SocksSocketImpl.java:327)
[m[31m2026-02-22 16:37:04,577 [pool-3-thread-2] ERROR DockerCluster.java:collectTrace:344: java.base/java.net.Socket.connect(Socket.java:633)
[m[31m2026-02-22 16:37:04,577 [pool-3-thread-2] ERROR DockerCluster.java:collectTrace:344: java.base/java.net.Socket.connect(Socket.java:583)
[m[31m2026-02-22 16:37:04,577 [pool-3-thread-2] ERROR DockerCluster.java:collectTrace:344: java.base/java.net.Socket.<init>(Socket.java:507)
[m[31m2026-02-22 16:37:04,577 [pool-3-thread-2] ERROR DockerCluster.java:collectTrace:344: java.base/java.net.Socket.<init>(Socket.java:287)
[m[31m2026-02-22 16:37:04,578 [pool-3-thread-2] ERROR DockerCluster.java:collectTrace:344: org.zlab.upfuzz.docker.Docker.collectTrace(Docker.java:74)
[m[31m2026-02-22 16:37:04,578 [pool-3-thread-2] ERROR DockerCluster.java:collectTrace:344: org.zlab.upfuzz.docker.DockerCluster.collectTrace(DockerCluster.java:336)
[m[31m2026-02-22 16:37:04,578 [pool-3-thread-2] ERROR DockerCluster.java:collectTrace:344: org.zlab.upfuzz.fuzzingengine.executor.Executor.collectTrace(Executor.java:131)
[m[31m2026-02-22 16:37:04,578 [pool-3-thread-2] ERROR DockerCluster.java:collectTrace:344: org.zlab.upfuzz.fuzzingengine.executor.Executor.updateTrace(Executor.java:137)
[m[31m2026-02-22 16:37:04,578 [pool-3-thread-2] ERROR DockerCluster.java:collectTrace:344: org.zlab.upfuzz.fuzzingengine.executor.Executor.execute(Executor.java:286)
[m[31m2026-02-22 16:37:04,578 [pool-3-thread-2] ERROR DockerCluster.java:collectTrace:344: org.zlab.upfuzz.fuzzingengine.RegularTestPlanThread.call(RegularTestPlanThread.java:197)
[m[31m2026-02-22 16:37:04,578 [pool-3-thread-2] ERROR DockerCluster.java:collectTrace:344: org.zlab.upfuzz.fuzzingengine.RegularTestPlanThread.call(RegularTestPlanThread.java:20)
[m[31m2026-02-22 16:37:04,579 [pool-3-thread-2] ERROR DockerCluster.java:collectTrace:344: java.base/java.util.concurrent.FutureTask.run(FutureTask.java:264)
[m[31m2026-02-22 16:37:04,579 [pool-3-thread-2] ERROR DockerCluster.java:collectTrace:344: java.base/java.util.concurrent.ThreadPoolExecutor.runWorker(ThreadPoolExecutor.java:1136)
[m[31m2026-02-22 16:37:04,579 [pool-3-thread-2] ERROR DockerCluster.java:collectTrace:344: java.base/java.util.concurrent.ThreadPoolExecutor$Worker.run(ThreadPoolExecutor.java:635)
[m[31m2026-02-22 16:37:04,579 [pool-3-thread-2] ERROR DockerCluster.java:collectTrace:344: java.base/java.lang.Thread.run(Thread.java:840)
[m[34m2026-02-22 16:37:04,579 [pool-3-thread-2] INFO  DockerCluster.java:upgrade:442: Upgrade Node[0]
[m[32m2026-02-22 16:37:04,911 [pool-3-thread-2] DEBUG CassandraDocker.java:shutdown:350: cassandra shutdown ret = 1
[m[32m2026-02-22 16:37:11,838 [Thread-12] DEBUG AgentServerHandler.java:register:141: Agent/192.168.247.2:39006 cassandra-qAmwKprz_upgraded-0-org.apache.cassandra.service.CassandraDaemon registered
[m[34m2026-02-22 16:37:12,030 [pool-3-thread-1] INFO  CassandraCqlshDaemon.java:<init>:56: [HKLOG] executor ID = CxjAFXyL  Connect to cqlsh:192.168.73.2...
[m[32m2026-02-22 16:37:12,030 [pool-3-thread-1] DEBUG CassandraCqlshDaemon.java:<init>:63: [HKLOG] executor ID = CxjAFXyL  Connect to cqlsh:192.168.73.2...0
[m[32m2026-02-22 16:37:12,285 [pool-3-thread-2] DEBUG CassandraDocker.java:upgrade:247: upgrade version start: 0
upfuzz_cassandra:cqlsh: stoppedupfuzz_cassandra:cassandra: stoppedupfuzz_cassandra:cassandra: startedupfuzz_cassandra:cqlsh: started
[m[34m2026-02-22 16:37:12,285 [pool-3-thread-2] INFO  CassandraCqlshDaemon.java:<init>:56: [HKLOG] executor ID = qAmwKprz  Connect to cqlsh:192.168.247.2...
[m[32m2026-02-22 16:37:12,286 [pool-3-thread-2] DEBUG CassandraCqlshDaemon.java:<init>:63: [HKLOG] executor ID = qAmwKprz  Connect to cqlsh:192.168.247.2...0
[m[34m2026-02-22 16:37:12,933 [pool-3-thread-3] INFO  CassandraCqlshDaemon.java:<init>:56: [HKLOG] executor ID = diwN8ZA0  Connect to cqlsh:192.168.217.2...
[m[32m2026-02-22 16:37:12,933 [pool-3-thread-3] DEBUG CassandraCqlshDaemon.java:<init>:63: [HKLOG] executor ID = diwN8ZA0  Connect to cqlsh:192.168.217.2...0
[m[32m2026-02-22 16:37:13,726 [Thread-14] DEBUG AgentServerHandler.java:register:141: Agent/192.168.73.2:43100 cassandra-CxjAFXyL_original-0-org.apache.cassandra.service.CassandraDaemon registered
[m[32m2026-02-22 16:37:19,056 [Thread-17] DEBUG AgentServerHandler.java:register:141: Agent/192.168.217.2:60008 cassandra-diwN8ZA0_upgraded-0-org.apache.cassandra.service.CassandraDaemon registered
[m[32m2026-02-22 16:37:22,101 [Thread-19] DEBUG AgentServerHandler.java:register:141: Agent/192.168.247.2:45066 cassandra-qAmwKprz_upgraded-0-org.apache.cassandra.service.CassandraDaemon registered
[m[32m2026-02-22 16:37:22,682 [pool-3-thread-1] DEBUG CassandraCqlshDaemon.java:<init>:63: [HKLOG] executor ID = CxjAFXyL  Connect to cqlsh:192.168.73.2...10
[m[32m2026-02-22 16:37:22,981 [pool-3-thread-3] DEBUG CassandraCqlshDaemon.java:<init>:63: [HKLOG] executor ID = diwN8ZA0  Connect to cqlsh:192.168.217.2...10
[m[32m2026-02-22 16:37:23,576 [pool-3-thread-2] DEBUG CassandraCqlshDaemon.java:<init>:63: [HKLOG] executor ID = qAmwKprz  Connect to cqlsh:192.168.247.2...10
[m[32m2026-02-22 16:37:26,243 [Thread-21] DEBUG AgentServerHandler.java:register:141: Agent/192.168.217.2:54144 cassandra-diwN8ZA0_upgraded-0-org.apache.cassandra.service.CassandraDaemon registered
[m[32m2026-02-22 16:37:30,760 [Thread-23] DEBUG AgentServerHandler.java:register:141: Agent/192.168.247.2:54712 cassandra-qAmwKprz_upgraded-0-org.apache.cassandra.service.CassandraDaemon registered
[m[32m2026-02-22 16:37:33,215 [Thread-25] DEBUG AgentServerHandler.java:register:141: Agent/192.168.217.2:54158 cassandra-diwN8ZA0_upgraded-0-org.apache.cassandra.service.CassandraDaemon registered
[m[32m2026-02-22 16:37:37,566 [Thread-27] DEBUG AgentServerHandler.java:register:141: Agent/192.168.247.2:50166 cassandra-qAmwKprz_upgraded-0-org.apache.cassandra.service.CassandraDaemon registered
[m[32m2026-02-22 16:37:39,829 [pool-3-thread-3] DEBUG CassandraCqlshDaemon.java:<init>:63: [HKLOG] executor ID = diwN8ZA0  Connect to cqlsh:192.168.217.2...20
[m[32m2026-02-22 16:37:39,829 [pool-3-thread-1] DEBUG CassandraCqlshDaemon.java:<init>:63: [HKLOG] executor ID = CxjAFXyL  Connect to cqlsh:192.168.73.2...20
[m[32m2026-02-22 16:37:39,833 [pool-3-thread-2] DEBUG CassandraCqlshDaemon.java:<init>:63: [HKLOG] executor ID = qAmwKprz  Connect to cqlsh:192.168.247.2...20
[m[34m2026-02-22 16:37:39,841 [pool-3-thread-1] INFO  CassandraCqlshDaemon.java:<init>:69: [HKLOG] executor ID = CxjAFXyL  Cqlsh connected: 192.168.73.2
[m[34m2026-02-22 16:37:39,845 [pool-3-thread-1] INFO  Docker.java:restart:29: Node0 restart successfully!
[m[34m2026-02-22 16:37:39,847 [pool-3-thread-1] INFO  Executor.java:execute:215: 
handle [Command] Execute {CONSISTENCY ALL;}

[m[34m2026-02-22 16:37:39,981 [pool-3-thread-1] INFO  Executor.java:execute:215: 
handle [Command] Execute {SELECT v1 FROM distributed_test_keyspace.tbl WHERE k = 1;}

[m[34m2026-02-22 16:37:40,043 [pool-3-thread-1] INFO  DockerCluster.java:collectTrace:334: [HKLOG] collecting network traces for node 0
[m[31m2026-02-22 16:37:40,044 [pool-3-thread-1] ERROR DockerCluster.java:collectTrace:338: Exception occur when collecting trace of docker  0, executorID = CxjAFXyL, exception = java.net.ConnectException: Connection refused
[m[31m2026-02-22 16:37:40,044 [pool-3-thread-1] ERROR DockerCluster.java:collectTrace:344: java.base/sun.nio.ch.Net.connect0(Native Method)
[m[31m2026-02-22 16:37:40,045 [pool-3-thread-1] ERROR DockerCluster.java:collectTrace:344: java.base/sun.nio.ch.Net.connect(Net.java:579)
[m[31m2026-02-22 16:37:40,045 [pool-3-thread-1] ERROR DockerCluster.java:collectTrace:344: java.base/sun.nio.ch.Net.connect(Net.java:568)
[m[31m2026-02-22 16:37:40,045 [pool-3-thread-1] ERROR DockerCluster.java:collectTrace:344: java.base/sun.nio.ch.NioSocketImpl.connect(NioSocketImpl.java:593)
[m[31m2026-02-22 16:37:40,045 [pool-3-thread-1] ERROR DockerCluster.java:collectTrace:344: java.base/java.net.SocksSocketImpl.connect(SocksSocketImpl.java:327)
[m[31m2026-02-22 16:37:40,045 [pool-3-thread-1] ERROR DockerCluster.java:collectTrace:344: java.base/java.net.Socket.connect(Socket.java:633)
[m[31m2026-02-22 16:37:40,045 [pool-3-thread-1] ERROR DockerCluster.java:collectTrace:344: java.base/java.net.Socket.connect(Socket.java:583)
[m[31m2026-02-22 16:37:40,045 [pool-3-thread-1] ERROR DockerCluster.java:collectTrace:344: java.base/java.net.Socket.<init>(Socket.java:507)
[m[31m2026-02-22 16:37:40,046 [pool-3-thread-1] ERROR DockerCluster.java:collectTrace:344: java.base/java.net.Socket.<init>(Socket.java:287)
[m[31m2026-02-22 16:37:40,046 [pool-3-thread-1] ERROR DockerCluster.java:collectTrace:344: org.zlab.upfuzz.docker.Docker.collectTrace(Docker.java:74)
[m[31m2026-02-22 16:37:40,046 [pool-3-thread-1] ERROR DockerCluster.java:collectTrace:344: org.zlab.upfuzz.docker.DockerCluster.collectTrace(DockerCluster.java:336)
[m[31m2026-02-22 16:37:40,046 [pool-3-thread-1] ERROR DockerCluster.java:collectTrace:344: org.zlab.upfuzz.fuzzingengine.executor.Executor.collectTrace(Executor.java:131)
[m[31m2026-02-22 16:37:40,046 [pool-3-thread-1] ERROR DockerCluster.java:collectTrace:344: org.zlab.upfuzz.fuzzingengine.executor.Executor.updateTrace(Executor.java:144)
[m[31m2026-02-22 16:37:40,046 [pool-3-thread-1] ERROR DockerCluster.java:collectTrace:344: org.zlab.upfuzz.fuzzingengine.RegularTestPlanThread.call(RegularTestPlanThread.java:247)
[m[31m2026-02-22 16:37:40,046 [pool-3-thread-1] ERROR DockerCluster.java:collectTrace:344: org.zlab.upfuzz.fuzzingengine.RegularTestPlanThread.call(RegularTestPlanThread.java:20)
[m[31m2026-02-22 16:37:40,047 [pool-3-thread-1] ERROR DockerCluster.java:collectTrace:344: java.base/java.util.concurrent.FutureTask.run(FutureTask.java:264)
[m[31m2026-02-22 16:37:40,048 [pool-3-thread-1] ERROR DockerCluster.java:collectTrace:344: java.base/java.util.concurrent.ThreadPoolExecutor.runWorker(ThreadPoolExecutor.java:1136)
[m[31m2026-02-22 16:37:40,048 [pool-3-thread-1] ERROR DockerCluster.java:collectTrace:344: java.base/java.util.concurrent.ThreadPoolExecutor$Worker.run(ThreadPoolExecutor.java:635)
[m[31m2026-02-22 16:37:40,048 [pool-3-thread-1] ERROR DockerCluster.java:collectTrace:344: java.base/java.lang.Thread.run(Thread.java:840)
[m[32m2026-02-22 16:37:40,049 [pool-3-thread-1] DEBUG RegularTestPlanThread.java:call:306: validationReadResultsOracle is empty!
[m[31m2026-02-22 16:37:40,059 [pool-3-thread-1] ERROR Executor.java:collectCoverageSeparate:484: No agent connection with executor CxjAFXyL
[m[34m2026-02-22 16:37:40,059 [pool-3-thread-1] INFO  RegularTestPlanThread.java:call:344: [HKLOG] error log checking
[m[32m2026-02-22 16:37:40,081 [Thread-29] DEBUG AgentServerHandler.java:register:141: Agent/192.168.217.2:39436 cassandra-diwN8ZA0_upgraded-0-org.apache.cassandra.service.CassandraDaemon registered
[m[32m2026-02-22 16:37:45,624 [Thread-31] DEBUG AgentServerHandler.java:register:141: Agent/192.168.247.2:59050 cassandra-qAmwKprz_upgraded-0-org.apache.cassandra.service.CassandraDaemon registered
[m[32m2026-02-22 16:37:48,030 [Thread-33] DEBUG AgentServerHandler.java:register:141: Agent/192.168.217.2:44212 cassandra-diwN8ZA0_upgraded-0-org.apache.cassandra.service.CassandraDaemon registered
[m[32m2026-02-22 16:37:52,254 [Thread-35] DEBUG AgentServerHandler.java:register:141: Agent/192.168.247.2:59066 cassandra-qAmwKprz_upgraded-0-org.apache.cassandra.service.CassandraDaemon registered
[m[32m2026-02-22 16:37:56,125 [Thread-37] DEBUG AgentServerHandler.java:register:141: Agent/192.168.217.2:55156 cassandra-diwN8ZA0_upgraded-0-org.apache.cassandra.service.CassandraDaemon registered
[m[32m2026-02-22 16:37:58,414 [pool-3-thread-2] DEBUG CassandraCqlshDaemon.java:<init>:63: [HKLOG] executor ID = qAmwKprz  Connect to cqlsh:192.168.247.2...30
[m[32m2026-02-22 16:38:00,616 [Thread-39] DEBUG AgentServerHandler.java:register:141: Agent/192.168.247.2:56312 cassandra-qAmwKprz_upgraded-0-org.apache.cassandra.service.CassandraDaemon registered
[m[32m2026-02-22 16:38:00,651 [pool-3-thread-3] DEBUG CassandraCqlshDaemon.java:<init>:63: [HKLOG] executor ID = diwN8ZA0  Connect to cqlsh:192.168.217.2...30
[m[32m2026-02-22 16:38:08,275 [Thread-42] DEBUG AgentServerHandler.java:register:141: Agent/192.168.217.2:60444 cassandra-diwN8ZA0_upgraded-0-org.apache.cassandra.service.CassandraDaemon registered
[m[32m2026-02-22 16:38:11,116 [Thread-44] DEBUG AgentServerHandler.java:register:141: Agent/192.168.247.2:57172 cassandra-qAmwKprz_upgraded-0-org.apache.cassandra.service.CassandraDaemon registered
[m[32m2026-02-22 16:38:15,446 [Thread-46] DEBUG AgentServerHandler.java:register:141: Agent/192.168.217.2:37964 cassandra-diwN8ZA0_upgraded-0-org.apache.cassandra.service.CassandraDaemon registered
[m[32m2026-02-22 16:38:16,598 [pool-3-thread-2] DEBUG CassandraCqlshDaemon.java:<init>:63: [HKLOG] executor ID = qAmwKprz  Connect to cqlsh:192.168.247.2...40
[m[32m2026-02-22 16:38:21,295 [pool-3-thread-3] DEBUG CassandraCqlshDaemon.java:<init>:63: [HKLOG] executor ID = diwN8ZA0  Connect to cqlsh:192.168.217.2...40
[m[32m2026-02-22 16:38:21,428 [Thread-49] DEBUG AgentServerHandler.java:register:141: Agent/192.168.247.2:36384 cassandra-qAmwKprz_upgraded-0-org.apache.cassandra.service.CassandraDaemon registered
[m[32m2026-02-22 16:38:26,083 [Thread-51] DEBUG AgentServerHandler.java:register:141: Agent/192.168.217.2:36610 cassandra-diwN8ZA0_upgraded-0-org.apache.cassandra.service.CassandraDaemon registered
[m[32m2026-02-22 16:38:28,487 [Thread-53] DEBUG AgentServerHandler.java:register:141: Agent/192.168.247.2:34698 cassandra-qAmwKprz_upgraded-0-org.apache.cassandra.service.CassandraDaemon registered
[m[32m2026-02-22 16:38:32,078 [Thread-55] DEBUG AgentServerHandler.java:register:141: Agent/192.168.217.2:36632 cassandra-diwN8ZA0_upgraded-0-org.apache.cassandra.service.CassandraDaemon registered
[m[32m2026-02-22 16:38:34,987 [Thread-57] DEBUG AgentServerHandler.java:register:141: Agent/192.168.247.2:57364 cassandra-qAmwKprz_upgraded-0-org.apache.cassandra.service.CassandraDaemon registered
[m[32m2026-02-22 16:38:37,622 [Thread-59] DEBUG AgentServerHandler.java:register:141: Agent/192.168.217.2:34510 cassandra-diwN8ZA0_upgraded-0-org.apache.cassandra.service.CassandraDaemon registered
[m[32m2026-02-22 16:38:40,452 [Thread-61] DEBUG AgentServerHandler.java:register:141: Agent/192.168.247.2:57386 cassandra-qAmwKprz_upgraded-0-org.apache.cassandra.service.CassandraDaemon registered
[m[32m2026-02-22 16:38:43,370 [pool-3-thread-2] DEBUG CassandraCqlshDaemon.java:<init>:63: [HKLOG] executor ID = qAmwKprz  Connect to cqlsh:192.168.247.2...50
[m[32m2026-02-22 16:38:43,482 [Thread-63] DEBUG AgentServerHandler.java:register:141: Agent/192.168.217.2:34524 cassandra-diwN8ZA0_upgraded-0-org.apache.cassandra.service.CassandraDaemon registered
[m[32m2026-02-22 16:38:45,889 [Thread-65] DEBUG AgentServerHandler.java:register:141: Agent/192.168.247.2:56560 cassandra-qAmwKprz_upgraded-0-org.apache.cassandra.service.CassandraDaemon registered
[m[32m2026-02-22 16:38:48,377 [pool-3-thread-3] DEBUG CassandraCqlshDaemon.java:<init>:63: [HKLOG] executor ID = diwN8ZA0  Connect to cqlsh:192.168.217.2...50
[m[32m2026-02-22 16:38:48,486 [Thread-67] DEBUG AgentServerHandler.java:register:141: Agent/192.168.217.2:49298 cassandra-diwN8ZA0_upgraded-0-org.apache.cassandra.service.CassandraDaemon registered
[m[32m2026-02-22 16:38:51,863 [Thread-69] DEBUG AgentServerHandler.java:register:141: Agent/192.168.247.2:56578 cassandra-qAmwKprz_upgraded-0-org.apache.cassandra.service.CassandraDaemon registered
[m[32m2026-02-22 16:38:54,768 [Thread-71] DEBUG AgentServerHandler.java:register:141: Agent/192.168.217.2:52186 cassandra-diwN8ZA0_upgraded-0-org.apache.cassandra.service.CassandraDaemon registered
[m[32m2026-02-22 16:38:58,445 [Thread-73] DEBUG AgentServerHandler.java:register:141: Agent/192.168.247.2:55894 cassandra-qAmwKprz_upgraded-0-org.apache.cassandra.service.CassandraDaemon registered
[m[32m2026-02-22 16:39:02,467 [Thread-75] DEBUG AgentServerHandler.java:register:141: Agent/192.168.217.2:52210 cassandra-diwN8ZA0_upgraded-0-org.apache.cassandra.service.CassandraDaemon registered
[m[32m2026-02-22 16:39:05,376 [Thread-77] DEBUG AgentServerHandler.java:register:141: Agent/192.168.247.2:47956 cassandra-qAmwKprz_upgraded-0-org.apache.cassandra.service.CassandraDaemon registered
[m[32m2026-02-22 16:39:08,759 [Thread-79] DEBUG AgentServerHandler.java:register:141: Agent/192.168.217.2:52214 cassandra-diwN8ZA0_upgraded-0-org.apache.cassandra.service.CassandraDaemon registered
[m[32m2026-02-22 16:39:11,366 [Thread-81] DEBUG AgentServerHandler.java:register:141: Agent/192.168.247.2:47988 cassandra-qAmwKprz_upgraded-0-org.apache.cassandra.service.CassandraDaemon registered
[m[32m2026-02-22 16:39:12,308 [pool-3-thread-2] DEBUG CassandraCqlshDaemon.java:<init>:63: [HKLOG] executor ID = qAmwKprz  Connect to cqlsh:192.168.247.2...60
[m[32m2026-02-22 16:39:15,804 [Thread-83] DEBUG AgentServerHandler.java:register:141: Agent/192.168.217.2:41414 cassandra-diwN8ZA0_upgraded-0-org.apache.cassandra.service.CassandraDaemon registered
[m[32m2026-02-22 16:39:18,271 [pool-3-thread-3] DEBUG CassandraCqlshDaemon.java:<init>:63: [HKLOG] executor ID = diwN8ZA0  Connect to cqlsh:192.168.217.2...60
[m[32m2026-02-22 16:39:18,464 [Thread-85] DEBUG AgentServerHandler.java:register:141: Agent/192.168.247.2:59258 cassandra-qAmwKprz_upgraded-0-org.apache.cassandra.service.CassandraDaemon registered
[m[32m2026-02-22 16:39:21,113 [Thread-87] DEBUG AgentServerHandler.java:register:141: Agent/192.168.217.2:41432 cassandra-diwN8ZA0_upgraded-0-org.apache.cassandra.service.CassandraDaemon registered
[m[32m2026-02-22 16:39:27,716 [Thread-90] DEBUG AgentServerHandler.java:register:141: Agent/192.168.247.2:38040 cassandra-qAmwKprz_upgraded-0-org.apache.cassandra.service.CassandraDaemon registered
[m[32m2026-02-22 16:39:31,864 [Thread-92] DEBUG AgentServerHandler.java:register:141: Agent/192.168.217.2:51222 cassandra-diwN8ZA0_upgraded-0-org.apache.cassandra.service.CassandraDaemon registered
[m[32m2026-02-22 16:39:34,642 [Thread-94] DEBUG AgentServerHandler.java:register:141: Agent/192.168.247.2:55432 cassandra-qAmwKprz_upgraded-0-org.apache.cassandra.service.CassandraDaemon registered
[m[32m2026-02-22 16:39:37,851 [pool-3-thread-2] DEBUG CassandraCqlshDaemon.java:<init>:63: [HKLOG] executor ID = qAmwKprz  Connect to cqlsh:192.168.247.2...70
[m[32m2026-02-22 16:39:37,998 [Thread-96] DEBUG AgentServerHandler.java:register:141: Agent/192.168.217.2:57766 cassandra-diwN8ZA0_upgraded-0-org.apache.cassandra.service.CassandraDaemon registered
[m[32m2026-02-22 16:39:41,375 [pool-3-thread-3] DEBUG CassandraCqlshDaemon.java:<init>:63: [HKLOG] executor ID = diwN8ZA0  Connect to cqlsh:192.168.217.2...70
[m[32m2026-02-22 16:39:41,676 [Thread-98] DEBUG AgentServerHandler.java:register:141: Agent/192.168.247.2:55462 cassandra-qAmwKprz_upgraded-0-org.apache.cassandra.service.CassandraDaemon registered
[m[32m2026-02-22 16:39:45,155 [Thread-100] DEBUG AgentServerHandler.java:register:141: Agent/192.168.217.2:59920 cassandra-diwN8ZA0_upgraded-0-org.apache.cassandra.service.CassandraDaemon registered
[m[32m2026-02-22 16:39:49,679 [Thread-102] DEBUG AgentServerHandler.java:register:141: Agent/192.168.247.2:55258 cassandra-qAmwKprz_upgraded-0-org.apache.cassandra.service.CassandraDaemon registered
[m[32m2026-02-22 16:39:53,705 [Thread-104] DEBUG AgentServerHandler.java:register:141: Agent/192.168.217.2:59932 cassandra-diwN8ZA0_upgraded-0-org.apache.cassandra.service.CassandraDaemon registered
[m[32m2026-02-22 16:39:55,777 [pool-3-thread-2] DEBUG CassandraCqlshDaemon.java:<init>:63: [HKLOG] executor ID = qAmwKprz  Connect to cqlsh:192.168.247.2...80
[m[32m2026-02-22 16:39:57,976 [pool-3-thread-3] DEBUG CassandraCqlshDaemon.java:<init>:63: [HKLOG] executor ID = diwN8ZA0  Connect to cqlsh:192.168.217.2...80
[m