timestamp,elapsed_sec,rounds,diff_feedback_packets,server_alive
2026-02-22 16:35:47,3,0,0,1
2026-02-22 16:35:57,13,0,0,1
2026-02-22 16:36:07,23,0,0,1
2026-02-22 16:36:17,33,0,0,1
2026-02-22 16:36:27,43,0,0,1
2026-02-22 16:36:37,53,0,0,1
2026-02-22 16:36:47,63,0,0,1
2026-02-22 16:36:57,73,0,0,1
2026-02-22 16:37:07,83,0,0,1
2026-02-22 16:37:17,93,0,0,1
2026-02-22 16:37:27,103,0,0,1
2026-02-22 16:37:37,113,0,0,1
2026-02-22 16:37:47,123,0,0,1
2026-02-22 16:37:57,133,0,0,1
2026-02-22 16:38:07,143,0,0,1
2026-02-22 16:38:19,153,0,0,1
2026-02-22 16:38:31,165,0,0,1
2026-02-22 16:38:43,177,0,0,1
2026-02-22 16:38:54,190,0,0,1
2026-02-22 16:39:04,200,0,0,1
2026-02-22 16:39:15,211,0,0,1
2026-02-22 16:39:25,221,0,0,1
2026-02-22 16:39:35,231,0,0,1
2026-02-22 16:39:45,241,0,0,1
